This file contains any messages produced by compilers while
running configure, to aid debugging if configure makes a mistake.

It was created by configure, which was
generated by GNU Autoconf 2.59.  Invocation command line was

  $ ./configure --prefix=/usr

## --------- ##
## Platform. ##
## --------- ##

hostname = agatha
uname -m = i686
uname -r = 2.6.12-6-386
uname -s = Linux
uname -v = #1 Wed Aug 10 22:38:46 BST 2005

/usr/bin/uname -p = unknown
/bin/uname -X     = unknown

/bin/arch              = i686
/usr/bin/arch -k       = unknown
/usr/convex/getsysinfo = unknown
hostinfo               = unknown
/bin/machine           = unknown
/usr/bin/oslevel       = unknown
/bin/universe          = unknown

PATH: /usr/local/bin
PATH: /usr/local/sbin
PATH: /sbin
PATH: /usr/sbin
PATH: /bin
PATH: /usr/bin
PATH: /usr/bin/X11
PATH: /usr/games


## ----------- ##
## Core tests. ##
## ----------- ##

configure:1276: checking for a BSD-compatible install
configure:1331: result: /usr/bin/install -c
configure:1342: checking whether build environment is sane
configure:1385: result: yes
configure:1418: checking for gawk
configure:1447: result: no
configure:1418: checking for mawk
configure:1434: found /usr/bin/mawk
configure:1444: result: mawk
configure:1454: checking whether make sets $(MAKE)
configure:1474: result: yes
configure:1639: checking whether to enable maintainer-specific portions of Makefiles
configure:1648: result: no
configure:1666: checking for gconftool-2
configure:1684: found /usr/bin/gconftool-2
configure:1696: result: /usr/bin/gconftool-2
configure:1718: result: Using config source xml::/etc/gconf/gconf.xml.defaults for schema installation
configure:1733: result: Using $(sysconfdir)/gconf/schemas as install directory for schema files
configure:1793: checking for a Python interpreter with version >= 2.3
configure:1812: python -c import sys, string # split strings by '.' and convert to numeric. Append some zeros # because we need at least 4 digits for the hex conversion. minver = map(int, string.split('2.3', '.')) + [0, 0, 0] minverhex = 0 for i in xrange(0, 4): minverhex = (minverhex << 8) + minver[i] sys.exit(sys.hexversion < minverhex)
configure:1815: $? = 0
configure:1822: result: python
configure:1827: checking for python
configure:1845: found /usr/bin/python
configure:1857: result: /usr/bin/python
configure:1869: checking for python version
configure:1876: result: 2.4
configure:1888: checking for python platform
configure:1895: result: linux2
configure:1902: checking for python script directory
configure:1910: result: ${prefix}/lib/python2.4/site-packages
configure:1919: checking for python extension module directory
configure:1927: result: ${exec_prefix}/lib/python2.4/site-packages
configure:2085: creating ./config.status

## ---------------------- ##
## Running config.status. ##
## ---------------------- ##

This file was extended by config.status, which was
generated by GNU Autoconf 2.59.  Invocation command line was

  CONFIG_FILES    = 
  CONFIG_HEADERS  = 
  CONFIG_LINKS    = 
  CONFIG_COMMANDS = 
  $ ./config.status 

on agatha

config.status:705: creating Makefile
config.status:705: creating pysdm/release.py

## ---------------- ##
## Cache variables. ##
## ---------------- ##

ac_cv_env_build_alias_set=
ac_cv_env_build_alias_value=
ac_cv_env_host_alias_set=
ac_cv_env_host_alias_value=
ac_cv_env_target_alias_set=
ac_cv_env_target_alias_value=
ac_cv_path_GCONFTOOL=/usr/bin/gconftool-2
ac_cv_path_PYTHON=/usr/bin/python
ac_cv_path_install='/usr/bin/install -c'
ac_cv_prog_AWK=mawk
ac_cv_prog_make_make_set=yes
am_cv_pathless_PYTHON=python
am_cv_python_platform=linux2
am_cv_python_pyexecdir='${exec_prefix}/lib/python2.4/site-packages'
am_cv_python_pythondir='${prefix}/lib/python2.4/site-packages'
am_cv_python_version=2.4

## ----------------- ##
## Output variables. ##
## ----------------- ##

ACLOCAL='${SHELL} /media/hda1/kronoss/GoogleSummerOfCode2005/pysdm-0/missing --run aclocal-1.7'
AMTAR='${SHELL} /media/hda1/kronoss/GoogleSummerOfCode2005/pysdm-0/missing --run tar'
AUTOCONF='${SHELL} /media/hda1/kronoss/GoogleSummerOfCode2005/pysdm-0/missing --run autoconf'
AUTOHEADER='${SHELL} /media/hda1/kronoss/GoogleSummerOfCode2005/pysdm-0/missing --run autoheader'
AUTOMAKE='${SHELL} /media/hda1/kronoss/GoogleSummerOfCode2005/pysdm-0/missing --run automake-1.7'
AWK='mawk'
CYGPATH_W='echo'
DEFS='-DPACKAGE_NAME=\"\" -DPACKAGE_TARNAME=\"\" -DPACKAGE_VERSION=\"\" -DPACKAGE_STRING=\"\" -DPACKAGE_BUGREPORT=\"\" -DPACKAGE=\"pysdm\" -DVERSION=\"0.2\" '
ECHO_C=''
ECHO_N='-n'
ECHO_T=''
GCONFTOOL='/usr/bin/gconftool-2'
GCONF_SCHEMAS_INSTALL_FALSE='#'
GCONF_SCHEMAS_INSTALL_TRUE=''
GCONF_SCHEMA_CONFIG_SOURCE='xml::/etc/gconf/gconf.xml.defaults'
GCONF_SCHEMA_FILE_DIR='$(sysconfdir)/gconf/schemas'
INSTALL_DATA='${INSTALL} -m 644'
INSTALL_PROGRAM='${INSTALL}'
INSTALL_SCRIPT='${INSTALL}'
INSTALL_STRIP_PROGRAM='${SHELL} $(install_sh) -c -s'
LIBOBJS=''
LIBS=''
LTLIBOBJS=''
MAINT='#'
MAINTAINER_MODE_FALSE=''
MAINTAINER_MODE_TRUE='#'
MAKEINFO='${SHELL} /media/hda1/kronoss/GoogleSummerOfCode2005/pysdm-0/missing --run makeinfo'
PACKAGE='pysdm'
PACKAGE_BUGREPORT=''
PACKAGE_NAME=''
PACKAGE_STRING=''
PACKAGE_TARNAME=''
PACKAGE_VERSION=''
PATH_SEPARATOR=':'
PYTHON='/usr/bin/python'
PYTHON_EXEC_PREFIX='${exec_prefix}'
PYTHON_PLATFORM='linux2'
PYTHON_PREFIX='${prefix}'
PYTHON_VERSION='2.4'
SET_MAKE=''
SHELL='/bin/sh'
STRIP=''
VERSION='0.2'
ac_ct_STRIP=''
am__leading_dot='.'
bindir='${exec_prefix}/bin'
build_alias=''
datadir='${prefix}/share'
exec_prefix='${prefix}'
host_alias=''
includedir='${prefix}/include'
infodir='${prefix}/info'
install_sh='/media/hda1/kronoss/GoogleSummerOfCode2005/pysdm-0/install-sh'
libdir='${exec_prefix}/lib'
libexecdir='${exec_prefix}/libexec'
localstatedir='${prefix}/var'
mandir='${prefix}/man'
oldincludedir='/usr/include'
pkgpyexecdir='${pyexecdir}/pysdm'
pkgpythondir='${pythondir}/pysdm'
prefix='/usr'
program_transform_name='s,x,x,'
pyexecdir='${exec_prefix}/lib/python2.4/site-packages'
pythondir='${prefix}/lib/python2.4/site-packages'
sbindir='${exec_prefix}/sbin'
sharedstatedir='${prefix}/com'
sysconfdir='${prefix}/etc'
target_alias=''

## ----------- ##
## confdefs.h. ##
## ----------- ##

#define PACKAGE "pysdm"
#define PACKAGE_BUGREPORT ""
#define PACKAGE_NAME ""
#define PACKAGE_STRING ""
#define PACKAGE_TARNAME ""
#define PACKAGE_VERSION ""
#define VERSION "0.2"

configure: exit 0
